java -Xms8g -Xmx16g -XX:+AlwaysPreTouch -XX:+UseParallelGC -jar mainkt.jar inputs/67_file target_zero_last
start: 
b f 8 c 
2 e 9 d 
3 a 6 5 
0 7 4 1 
30     0

start manhattan: 47
start parity: 15
end parity: 21
parity check passed.
sample length   464
max Search depth: 1	close set size: 1	open set size: 2
max Search depth: 2	close set size: 3	open set size: 4
max Search depth: 3	close set size: 4	open set size: 6
max Search depth: 4	close set size: 5	open set size: 8
max Search depth: 5	close set size: 6	open set size: 9
max Search depth: 6	close set size: 7	open set size: 9
max Search depth: 7	close set size: 11	open set size: 14
max Search depth: 8	close set size: 12	open set size: 14
max Search depth: 9	close set size: 13	open set size: 15
max Search depth: 10	close set size: 14	open set size: 17
max Search depth: 11	close set size: 15	open set size: 18
max Search depth: 12	close set size: 23	open set size: 27
max Search depth: 13	close set size: 29	open set size: 33
max Search depth: 14	close set size: 30	open set size: 33
max Search depth: 15	close set size: 37	open set size: 39
max Search depth: 16	close set size: 38	open set size: 40
max Search depth: 17	close set size: 39	open set size: 42
max Search depth: 18	close set size: 40	open set size: 44
max Search depth: 19	close set size: 41	open set size: 45
max Search depth: 20	close set size: 42	open set size: 45
max Search depth: 21	close set size: 43	open set size: 46
max Search depth: 22	close set size: 44	open set size: 47
max Search depth: 23	close set size: 45	open set size: 47
max Search depth: 24	close set size: 46	open set size: 48
max Search depth: 25	close set size: 47	open set size: 49
max Search depth: 26	close set size: 48	open set size: 49
max Search depth: 27	close set size: 211	open set size: 182
max Search depth: 28	close set size: 216	open set size: 187
max Search depth: 29	close set size: 582	open set size: 481
max Search depth: 30	close set size: 583	open set size: 482
max Search depth: 31	close set size: 585	open set size: 485
max Search depth: 32	close set size: 2270	open set size: 2018
max Search depth: 33	close set size: 3994	open set size: 3511
max Search depth: 34	close set size: 5774	open set size: 5082
max Search depth: 35	close set size: 8513	open set size: 7350
max Search depth: 36	close set size: 8633	open set size: 7492
max Search depth: 37	close set size: 9041	open set size: 7917
max Search depth: 38	close set size: 9042	open set size: 7918
max Search depth: 39	close set size: 9270	open set size: 8162
max Search depth: 40	close set size: 84340	open set size: 73666
max Search depth: 41	close set size: 84342	open set size: 73667
max Search depth: 42	close set size: 84347	open set size: 73671
max Search depth: 43	close set size: 84852	open set size: 74190
max Search depth: 44	close set size: 89490	open set size: 78659
max Search depth: 45	close set size: 89491	open set size: 78660
max Search depth: 46	close set size: 98691	open set size: 87515
max Search depth: 47	close set size: 645687	open set size: 565007
max Search depth: 48	close set size: 645727	open set size: 565047
max Search depth: 49	close set size: 646711	open set size: 566049
max Search depth: 50	close set size: 646712	open set size: 566050
max Search depth: 51	close set size: 905403	open set size: 812234
max Search depth: 52	close set size: 905405	open set size: 812237
max Search depth: 53	close set size: 4156139	open set size: 3626053
max Search depth: 54	close set size: 4156211	open set size: 3626115
max Search depth: 55	close set size: 4160166	open set size: 3630055
max Search depth: 56	close set size: 23180651	open set size: 19971890
max Search depth: 57	close set size: 23180672	open set size: 19971915
max Search depth: 58	close set size: 23180764	open set size: 19971996
max Search depth: 59	close set size: 23180765	open set size: 19971997
max Search depth: 60	close set size: 23180766	open set size: 19971998
Found Solution in search depth: 61
Total: 71 steps
b f 8 c  > b f 8 c  > b f 8 c  > b f 8 c  > b f 8 c  > b f 8 c  > b f 8 c 
2 e 9 d  > 2 e 9 d  > 2 e 9 d  > 2 0 9 d  > 2 9 0 d  > 2 9 6 d  > 2 9 6 d 
3 a 6 5  > 0 a 6 5  > a 0 6 5  > a e 6 5  > a e 6 5  > a e 0 5  > a e 4 5 
0 7 4 1  > 3 7 4 1  > 3 7 4 1  > 3 7 4 1  > 3 7 4 1  > 3 7 4 1  > 3 7 0 1 
30     0 > 20     1 > 21     2 > 11     3 > 12     4 > 22     5 > 32     6
b f 8 c  > b f 8 c  > b f 8 c  > b f 8 c  > b f 8 c  > b f 8 c  > b f 8 c 
2 9 6 d  > 2 9 6 d  > 2 9 6 d  > 2 9 6 d  > 2 9 6 d  > 2 9 6 d  > 2 9 6 d 
a e 4 5  > a 0 4 5  > a 4 0 5  > a 4 5 0  > a 4 5 1  > a 4 5 1  > a 4 0 1 
3 0 7 1  > 3 e 7 1  > 3 e 7 1  > 3 e 7 1  > 3 e 7 0  > 3 e 0 7  > 3 e 5 7 
31     7 > 21     8 > 22     9 > 23    10 > 33    11 > 32    12 > 22    13
b f 8 c  > b f 8 c  > b f 8 0  > b f 0 8  > b 0 f 8  > 0 b f 8  > 2 b f 8 
2 9 6 d  > 2 9 6 0  > 2 9 6 c  > 2 9 6 c  > 2 9 6 c  > 2 9 6 c  > 0 9 6 c 
a 4 1 0  > a 4 1 d  > a 4 1 d  > a 4 1 d  > a 4 1 d  > a 4 1 d  > a 4 1 d 
3 e 5 7  > 3 e 5 7  > 3 e 5 7  > 3 e 5 7  > 3 e 5 7  > 3 e 5 7  > 3 e 5 7 
23    14 > 13    15 > 03    16 > 02    17 > 01    18 > 00    19 > 10    20
2 b f 8  > 2 b f 8  > 2 b f 8  > 2 b f 8  > 2 b f 8  > 2 b f 8  > 2 b 0 8 
9 0 6 c  > 9 4 6 c  > 9 4 6 c  > 9 4 6 c  > 9 4 6 0  > 9 4 0 6  > 9 4 f 6 
a 4 1 d  > a 0 1 d  > a 1 0 d  > a 1 d 0  > a 1 d c  > a 1 d c  > a 1 d c 
3 e 5 7  > 3 e 5 7  > 3 e 5 7  > 3 e 5 7  > 3 e 5 7  > 3 e 5 7  > 3 e 5 7 
11    21 > 21    22 > 22    23 > 23    24 > 13    25 > 12    26 > 02    27
2 0 b 8  > 2 4 b 8  > 2 4 b 8  > 2 4 b 8  > 2 4 b 8  > 2 4 b 8  > 2 4 b 8 
9 4 f 6  > 9 0 f 6  > 9 1 f 6  > 9 1 f 6  > 9 1 f 6  > 9 1 f 6  > 9 1 f 6 
a 1 d c  > a 1 d c  > a 0 d c  > a d 0 c  > a d 5 c  > a d 5 c  > a 0 5 c 
3 e 5 7  > 3 e 5 7  > 3 e 5 7  > 3 e 5 7  > 3 e 0 7  > 3 0 e 7  > 3 d e 7 
01    28 > 11    29 > 21    30 > 22    31 > 32    32 > 31    33 > 21    34
2 4 b 8  > 2 4 b 8  > 2 4 b 8  > 2 4 b 8  > 2 4 b 8  > 2 4 b 8  > 2 4 b 8 
9 1 f 6  > 9 1 f 6  > 9 1 f 6  > 9 1 f 6  > 9 1 f 6  > 0 1 f 6  > 1 0 f 6 
0 a 5 c  > 3 a 5 c  > 3 a 5 c  > 3 0 5 c  > 0 3 5 c  > 9 3 5 c  > 9 3 5 c 
3 d e 7  > 0 d e 7  > d 0 e 7  > d a e 7  > d a e 7  > d a e 7  > d a e 7 
20    35 > 30    36 > 31    37 > 21    38 > 20    39 > 10    40 > 11    41
2 4 b 8  > 2 4 b 8  > 2 4 b 8  > 2 4 0 8  > 2 0 4 8  > 2 3 4 8  > 2 3 4 8 
1 3 f 6  > 1 3 f 6  > 1 3 0 6  > 1 3 b 6  > 1 3 b 6  > 1 0 b 6  > 1 5 b 6 
9 0 5 c  > 9 5 0 c  > 9 5 f c  > 9 5 f c  > 9 5 f c  > 9 5 f c  > 9 0 f c 
d a e 7  > d a e 7  > d a e 7  > d a e 7  > d a e 7  > d a e 7  > d a e 7 
21    42 > 22    43 > 12    44 > 02    45 > 01    46 > 11    47 > 21    48
2 3 4 8  > 2 3 4 8  > 2 3 4 8  > 2 3 4 8  > 2 3 4 8  > 2 3 4 0  > 2 3 0 4 
1 5 b 6  > 1 5 b 6  > 1 5 b 6  > 1 5 0 6  > 1 5 6 0  > 1 5 6 8  > 1 5 6 8 
9 a f c  > 9 a f c  > 9 a 0 c  > 9 a b c  > 9 a b c  > 9 a b c  > 9 a b c 
d 0 e 7  > d e 0 7  > d e f 7  > d e f 7  > d e f 7  > d e f 7  > d e f 7 
31    49 > 32    50 > 22    51 > 12    52 > 13    53 > 03    54 > 02    55
2 0 3 4  > 0 2 3 4  > 1 2 3 4  > 1 2 3 4  > 1 2 3 4  > 1 2 3 4  > 1 2 3 4 
1 5 6 8  > 1 5 6 8  > 0 5 6 8  > 5 0 6 8  > 5 6 0 8  > 5 6 8 0  > 5 6 8 0 
9 a b c  > 9 a b c  > 9 a b c  > 9 a b c  > 9 a b c  > 9 a b c  > 9 a b c 
d e f 7  > d e f 7  > d e f 7  > d e f 7  > d e f 7  > d e f 7  > d e f 7 
01    56 > 00    57 > 10    58 > 11    59 > 12    60 > 13    61 > 13    10
1 2 3 4  > 1 2 3 4  > 1 2 3 4  > 1 2 3 4  > 1 2 3 4  > 1 2 3 4  > 1 2 3 4 
5 6 8 c  > 5 6 8 c  > 5 6 8 c  > 5 6 8 c  > 5 6 8 c  > 5 6 8 0  > 5 6 0 8 
9 a b 0  > 9 a b 7  > 9 a b 7  > 9 a 0 7  > 9 a 7 0  > 9 a 7 c  > 9 a 7 c 
d e f 7  > d e f 0  > d e 0 f  > d e b f  > d e b f  > d e b f  > d e b f 
23     9 > 33     8 > 32     7 > 22     6 > 23     5 > 13     4 > 12     3
1 2 3 4  > 1 2 3 4  > 1 2 3 4 
5 6 7 8  > 5 6 7 8  > 5 6 7 8 
9 a 0 c  > 9 a b c  > 9 a b c 
d e b f  > d e 0 f  > d e f 0 
22     2 > 32     1 > 33     0

Used time: 40.044000000000004s
Total Nodes: 57675770
