java -Xms8g -Xmx16g -XX:+AlwaysPreTouch -XX:+UseParallelGC -jar mainkt.jar inputs/66_file target_zero_last 
start: 
b 9 0 c 
e f a 8 
2 6 d 5 
3 7 4 1 
02     0

start manhattan: 46
start parity: 15
end parity: 21
parity check passed.
sample length   464
max Search depth: 1	close set size: 1	open set size: 3
max Search depth: 2	close set size: 2	open set size: 5
max Search depth: 3	close set size: 3	open set size: 7
max Search depth: 4	close set size: 4	open set size: 8
max Search depth: 5	close set size: 8	open set size: 10
max Search depth: 6	close set size: 9	open set size: 11
max Search depth: 7	close set size: 18	open set size: 18
max Search depth: 8	close set size: 19	open set size: 19
max Search depth: 9	close set size: 28	open set size: 30
max Search depth: 10	close set size: 29	open set size: 31
max Search depth: 11	close set size: 30	open set size: 31
max Search depth: 12	close set size: 31	open set size: 32
max Search depth: 13	close set size: 44	open set size: 41
max Search depth: 14	close set size: 45	open set size: 42
max Search depth: 15	close set size: 58	open set size: 52
max Search depth: 16	close set size: 60	open set size: 54
max Search depth: 17	close set size: 61	open set size: 56
max Search depth: 18	close set size: 63	open set size: 58
max Search depth: 19	close set size: 71	open set size: 65
max Search depth: 20	close set size: 72	open set size: 67
max Search depth: 21	close set size: 73	open set size: 68
max Search depth: 22	close set size: 74	open set size: 69
max Search depth: 23	close set size: 191	open set size: 183
max Search depth: 24	close set size: 192	open set size: 185
max Search depth: 25	close set size: 193	open set size: 187
max Search depth: 26	close set size: 194	open set size: 188
max Search depth: 27	close set size: 198	open set size: 192
max Search depth: 28	close set size: 199	open set size: 193
max Search depth: 29	close set size: 677	open set size: 618
max Search depth: 30	close set size: 863	open set size: 778
max Search depth: 31	close set size: 864	open set size: 779
max Search depth: 32	close set size: 868	open set size: 787
max Search depth: 33	close set size: 1436	open set size: 1375
max Search depth: 34	close set size: 1437	open set size: 1377
max Search depth: 35	close set size: 1438	open set size: 1378
max Search depth: 36	close set size: 1442	open set size: 1383
max Search depth: 37	close set size: 1446	open set size: 1385
max Search depth: 38	close set size: 1447	open set size: 1386
max Search depth: 39	close set size: 3482	open set size: 3342
max Search depth: 40	close set size: 3484	open set size: 3345
max Search depth: 41	close set size: 9195	open set size: 8491
max Search depth: 42	close set size: 9196	open set size: 8492
max Search depth: 43	close set size: 9224	open set size: 8520
max Search depth: 44	close set size: 9225	open set size: 8522
max Search depth: 45	close set size: 9226	open set size: 8524
max Search depth: 46	close set size: 9227	open set size: 8525
max Search depth: 47	close set size: 80341	open set size: 74069
max Search depth: 48	close set size: 80533	open set size: 74252
max Search depth: 49	close set size: 96759	open set size: 91049
max Search depth: 50	close set size: 96760	open set size: 91050
max Search depth: 51	close set size: 107368	open set size: 102382
max Search depth: 52	close set size: 107370	open set size: 102383
max Search depth: 53	close set size: 682630	open set size: 645664
max Search depth: 54	close set size: 682631	open set size: 645665
max Search depth: 55	close set size: 682772	open set size: 645806
Found Solution in search depth: 56
Total: 66 steps
b 9 0 c  > b 9 c 0  > b 9 c 8  > b 9 c 8  > b 9 c 8  > b 9 c 8  > b 9 c 8 
e f a 8  > e f a 8  > e f a 0  > e f a 5  > e f a 5  > e f a 5  > e f a 5 
2 6 d 5  > 2 6 d 5  > 2 6 d 5  > 2 6 d 0  > 2 6 d 1  > 2 6 d 1  > 2 6 d 1 
3 7 4 1  > 3 7 4 1  > 3 7 4 1  > 3 7 4 1  > 3 7 4 0  > 3 7 0 4  > 3 0 7 4 
02     0 > 03     1 > 13     2 > 23     3 > 33     4 > 32     5 > 31     6
b 9 c 8  > b 9 c 8  > b 9 c 8  > b 9 c 8  > b 9 c 8  > b 9 c 8  > b 9 c 8 
e f a 5  > e 0 a 5  > 0 e a 5  > 2 e a 5  > 2 e a 5  > 2 e a 5  > 2 e a 5 
2 0 d 1  > 2 f d 1  > 2 f d 1  > 0 f d 1  > 3 f d 1  > 3 f d 1  > 3 0 d 1 
3 6 7 4  > 3 6 7 4  > 3 6 7 4  > 3 6 7 4  > 0 6 7 4  > 6 0 7 4  > 6 f 7 4 
21     7 > 11     8 > 10     9 > 20    10 > 30    11 > 31    12 > 21    13
b 9 c 8  > b 9 c 8  > b 9 c 8  > b 9 c 8  > b 9 c 8  > b 9 c 8  > b 9 c 8 
2 e a 5  > 2 e a 5  > 2 e a 5  > 2 e a 5  > 2 e a 5  > 2 e a 5  > 2 0 a 5 
3 d 0 1  > 3 d 1 0  > 3 d 1 4  > 3 d 1 4  > 3 d 1 4  > 3 0 1 4  > 3 e 1 4 
6 f 7 4  > 6 f 7 4  > 6 f 7 0  > 6 f 0 7  > 6 0 f 7  > 6 d f 7  > 6 d f 7 
22    14 > 23    15 > 33    16 > 32    17 > 31    18 > 21    19 > 11    20
b 9 c 8  > 0 9 c 8  > 9 0 c 8  > 9 2 c 8  > 9 2 c 8  > 9 2 c 8  > 9 2 c 8 
0 2 a 5  > b 2 a 5  > b 2 a 5  > b 0 a 5  > 0 b a 5  > 3 b a 5  > 3 b a 5 
3 e 1 4  > 3 e 1 4  > 3 e 1 4  > 3 e 1 4  > 3 e 1 4  > 0 e 1 4  > 6 e 1 4 
6 d f 7  > 6 d f 7  > 6 d f 7  > 6 d f 7  > 6 d f 7  > 6 d f 7  > 0 d f 7 
10    21 > 00    22 > 01    23 > 11    24 > 10    25 > 20    26 > 30    27
9 2 c 8  > 9 2 c 8  > 9 2 c 8  > 9 2 c 8  > 9 2 c 8  > 9 2 c 8  > 9 2 c 8 
3 b a 5  > 3 b a 5  > 3 0 a 5  > 3 a 0 5  > 3 a 1 5  > 3 a 1 5  > 3 0 1 5 
6 e 1 4  > 6 0 1 4  > 6 b 1 4  > 6 b 1 4  > 6 b 0 4  > 6 0 b 4  > 6 a b 4 
d 0 f 7  > d e f 7  > d e f 7  > d e f 7  > d e f 7  > d e f 7  > d e f 7 
31    28 > 21    29 > 11    30 > 12    31 > 22    32 > 21    33 > 11    34
9 2 c 8  > 0 2 c 8  > 2 0 c 8  > 2 3 c 8  > 2 3 c 8  > 2 3 c 8  > 2 3 c 8 
0 3 1 5  > 9 3 1 5  > 9 3 1 5  > 9 0 1 5  > 9 1 0 5  > 9 1 5 0  > 9 1 5 4 
6 a b 4  > 6 a b 4  > 6 a b 4  > 6 a b 4  > 6 a b 4  > 6 a b 4  > 6 a b 0 
d e f 7  > d e f 7  > d e f 7  > d e f 7  > d e f 7  > d e f 7  > d e f 7 
10    35 > 00    36 > 01    37 > 11    38 > 12    39 > 13    40 > 23    41
2 3 c 8  > 2 3 c 8  > 2 3 c 8  > 2 3 c 8  > 2 3 c 8  > 2 3 c 8  > 2 3 c 8 
9 1 5 4  > 9 1 5 4  > 9 1 5 4  > 9 1 5 4  > 9 1 5 4  > 0 1 5 4  > 1 0 5 4 
6 a b 7  > 6 a b 7  > 6 a 0 7  > 6 0 a 7  > 0 6 a 7  > 9 6 a 7  > 9 6 a 7 
d e f 0  > d e 0 f  > d e b f  > d e b f  > d e b f  > d e b f  > d e b f 
33    42 > 32    43 > 22    44 > 21    45 > 20    46 > 10    47 > 11    48
2 3 c 8  > 2 3 0 8  > 2 3 8 0  > 2 3 8 4  > 2 3 8 4  > 2 3 0 4  > 2 0 3 4 
1 5 0 4  > 1 5 c 4  > 1 5 c 4  > 1 5 c 0  > 1 5 0 c  > 1 5 8 c  > 1 5 8 c 
9 6 a 7  > 9 6 a 7  > 9 6 a 7  > 9 6 a 7  > 9 6 a 7  > 9 6 a 7  > 9 6 a 7 
d e b f  > d e b f  > d e b f  > d e b f  > d e b f  > d e b f  > d e b f 
12    49 > 02    50 > 03    51 > 13    52 > 12    53 > 02    54 > 01    55
0 2 3 4  > 0 2 3 4  > 1 2 3 4  > 1 2 3 4  > 1 2 3 4  > 1 2 3 4  > 1 2 3 4 
1 5 8 c  > 1 5 8 c  > 0 5 8 c  > 5 0 8 c  > 5 6 8 c  > 5 6 8 c  > 5 6 8 c 
9 6 a 7  > 9 6 a 7  > 9 6 a 7  > 9 6 a 7  > 9 0 a 7  > 9 a 0 7  > 9 a 7 0 
d e b f  > d e b f  > d e b f  > d e b f  > d e b f  > d e b f  > d e b f 
00    56 > 00    10 > 10     9 > 11     8 > 21     7 > 22     6 > 23     5
1 2 3 4  > 1 2 3 4  > 1 2 3 4  > 1 2 3 4  > 1 2 3 4 
5 6 8 0  > 5 6 0 8  > 5 6 7 8  > 5 6 7 8  > 5 6 7 8 
9 a 7 c  > 9 a 7 c  > 9 a 0 c  > 9 a b c  > 9 a b c 
d e b f  > d e b f  > d e b f  > d e 0 f  > d e f 0 
13     4 > 12     3 > 22     2 > 32     1 > 33     0

Used time: 5.109s
Total Nodes: 1332331
