java -Xms8g -Xmx16g -XX:+AlwaysPreTouch -XX:+UseParallelGC -jar mainkt.jar inputs/69_file target_zero_last
start: 
b f 9 c 
e a 8 d 
6 2 5 0 
3 7 4 1 
23     0

start manhattan: 49
start parity: 13
end parity: 21
parity check passed.
sample length   998
max Search depth: 1	close set size: 1	open set size: 3
max Search depth: 2	close set size: 2	open set size: 4
max Search depth: 3	close set size: 4	open set size: 6
max Search depth: 4	close set size: 5	open set size: 7
max Search depth: 5	close set size: 6	open set size: 8
max Search depth: 6	close set size: 10	open set size: 12
max Search depth: 7	close set size: 13	open set size: 13
max Search depth: 8	close set size: 14	open set size: 15
max Search depth: 9	close set size: 15	open set size: 16
max Search depth: 10	close set size: 16	open set size: 17
max Search depth: 11	close set size: 29	open set size: 24
max Search depth: 12	close set size: 30	open set size: 25
max Search depth: 13	close set size: 31	open set size: 26
max Search depth: 14	close set size: 40	open set size: 33
max Search depth: 15	close set size: 44	open set size: 37
max Search depth: 16	close set size: 312	open set size: 259
max Search depth: 17	close set size: 313	open set size: 259
max Search depth: 18	close set size: 321	open set size: 268
max Search depth: 19	close set size: 322	open set size: 268
max Search depth: 20	close set size: 326	open set size: 272
max Search depth: 21	close set size: 327	open set size: 274
max Search depth: 22	close set size: 330	open set size: 277
max Search depth: 23	close set size: 331	open set size: 277
max Search depth: 24	close set size: 532	open set size: 450
max Search depth: 25	close set size: 533	open set size: 451
max Search depth: 26	close set size: 536	open set size: 454
max Search depth: 27	close set size: 539	open set size: 458
max Search depth: 28	close set size: 542	open set size: 461
max Search depth: 29	close set size: 629	open set size: 541
max Search depth: 30	close set size: 1438	open set size: 1247
max Search depth: 31	close set size: 5283	open set size: 4549
max Search depth: 32	close set size: 6506	open set size: 5565
max Search depth: 33	close set size: 6507	open set size: 5566
max Search depth: 34	close set size: 6528	open set size: 5586
max Search depth: 35	close set size: 6650	open set size: 5700
max Search depth: 36	close set size: 6804	open set size: 5845
max Search depth: 37	close set size: 8696	open set size: 7613
max Search depth: 38	close set size: 8697	open set size: 7614
max Search depth: 39	close set size: 59624	open set size: 52497
max Search depth: 40	close set size: 59626	open set size: 52499
max Search depth: 41	close set size: 59974	open set size: 52823
max Search depth: 42	close set size: 59975	open set size: 52824
max Search depth: 43	close set size: 59976	open set size: 52826
max Search depth: 44	close set size: 59977	open set size: 52828
max Search depth: 45	close set size: 440997	open set size: 387458
max Search depth: 46	close set size: 440998	open set size: 387459
max Search depth: 47	close set size: 441002	open set size: 387462
max Search depth: 48	close set size: 441182	open set size: 387651
max Search depth: 49	close set size: 793093	open set size: 712548
max Search depth: 50	close set size: 793095	open set size: 712551
max Search depth: 51	close set size: 2780853	open set size: 2430311
max Search depth: 52	close set size: 2780855	open set size: 2430314
max Search depth: 53	close set size: 15442574	open set size: 13314017
max Search depth: 54	close set size: 15442577	open set size: 13314018
max Search depth: 55	close set size: 15442579	open set size: 13314019
max Search depth: 56	close set size: 15442712	open set size: 13314134
max Search depth: 57	close set size: 15442714	open set size: 13314135
max Search depth: 58	close set size: 76700765	open set size: 64882889
max Search depth: 59	close set size: 76700786	open set size: 64882907
max Search depth: 60	close set size: 76700868	open set size: 64882985
max Search depth: 61	close set size: 76700869	open set size: 64882987
max Search depth: 62	close set size: 76701335	open set size: 64883439
Found Solution in search depth: 62
Total: 73 steps
b f 9 c  > b f 9 c  > b f 9 c  > b f 9 c  > b f 9 c  > b f 9 c  > b f 9 c 
e a 8 d  > e a 8 d  > e a 8 d  > e a 8 d  > e a 8 d  > e a 8 d  > 0 a 8 d 
6 2 5 0  > 6 2 0 5  > 6 2 4 5  > 6 2 4 5  > 6 2 4 5  > 0 2 4 5  > e 2 4 5 
3 7 4 1  > 3 7 4 1  > 3 7 0 1  > 3 0 7 1  > 0 3 7 1  > 6 3 7 1  > 6 3 7 1 
23     0 > 22     1 > 32     2 > 31     3 > 30     4 > 20     5 > 10     6
b f 9 c  > b 0 9 c  > b 9 0 c  > b 9 8 c  > b 9 8 c  > b 9 8 c  > b 9 8 c 
a 0 8 d  > a f 8 d  > a f 8 d  > a f 0 d  > a f 4 d  > a f 4 d  > a f 4 0 
e 2 4 5  > e 2 4 5  > e 2 4 5  > e 2 4 5  > e 2 0 5  > e 2 5 0  > e 2 5 d 
6 3 7 1  > 6 3 7 1  > 6 3 7 1  > 6 3 7 1  > 6 3 7 1  > 6 3 7 1  > 6 3 7 1 
11     7 > 01     8 > 02     9 > 12    10 > 22    11 > 23    12 > 13    13
b 9 8 0  > b 9 0 8  > b 9 4 8  > b 9 4 8  > b 9 4 8  > b 9 4 8  > b 9 4 8 
a f 4 c  > a f 4 c  > a f 0 c  > a f 5 c  > a f 5 c  > a f 5 c  > a f 5 c 
e 2 5 d  > e 2 5 d  > e 2 5 d  > e 2 0 d  > e 2 d 0  > e 2 d 1  > e 2 d 1 
6 3 7 1  > 6 3 7 1  > 6 3 7 1  > 6 3 7 1  > 6 3 7 1  > 6 3 7 0  > 6 3 0 7 
03    14 > 02    15 > 12    16 > 22    17 > 23    18 > 33    19 > 32    20
b 9 4 8  > b 9 4 8  > b 9 4 8  > b 9 4 0  > b 9 0 4  > b 9 5 4  > b 9 5 4 
a f 5 c  > a f 5 c  > a f 5 0  > a f 5 8  > a f 5 8  > a f 0 8  > a f 1 8 
e 2 0 1  > e 2 1 0  > e 2 1 c  > e 2 1 c  > e 2 1 c  > e 2 1 c  > e 2 0 c 
6 3 d 7  > 6 3 d 7  > 6 3 d 7  > 6 3 d 7  > 6 3 d 7  > 6 3 d 7  > 6 3 d 7 
22    21 > 23    22 > 13    23 > 03    24 > 02    25 > 12    26 > 22    27
b 9 5 4  > b 9 5 4  > b 9 5 4  > 0 9 5 4  > 9 0 5 4  > 9 5 0 4  > 9 5 1 4 
a f 1 8  > a 0 1 8  > 0 a 1 8  > b a 1 8  > b a 1 8  > b a 1 8  > b a 0 8 
e 0 2 c  > e f 2 c  > e f 2 c  > e f 2 c  > e f 2 c  > e f 2 c  > e f 2 c 
6 3 d 7  > 6 3 d 7  > 6 3 d 7  > 6 3 d 7  > 6 3 d 7  > 6 3 d 7  > 6 3 d 7 
21    28 > 11    29 > 10    30 > 00    31 > 01    32 > 02    33 > 12    34
9 5 1 4  > 9 5 1 4  > 9 5 1 4  > 9 5 1 4  > 9 5 1 4  > 9 5 1 4  > 9 5 1 4 
b a 2 8  > b a 2 8  > b a 2 8  > b a 2 8  > b a 2 8  > b a 2 8  > b a 2 8 
e f 0 c  > e 0 f c  > e 3 f c  > e 3 f c  > e 3 0 c  > e 0 3 c  > 0 e 3 c 
6 3 d 7  > 6 3 d 7  > 6 0 d 7  > 6 d 0 7  > 6 d f 7  > 6 d f 7  > 6 d f 7 
22    35 > 21    36 > 31    37 > 32    38 > 22    39 > 21    40 > 20    41
9 5 1 4  > 9 5 1 4  > 9 5 1 4  > 9 5 1 4  > 9 5 1 4  > 0 5 1 4  > 5 0 1 4 
b a 2 8  > b a 2 8  > b a 2 8  > b 0 2 8  > 0 b 2 8  > 9 b 2 8  > 9 b 2 8 
6 e 3 c  > 6 e 3 c  > 6 0 3 c  > 6 a 3 c  > 6 a 3 c  > 6 a 3 c  > 6 a 3 c 
0 d f 7  > d 0 f 7  > d e f 7  > d e f 7  > d e f 7  > d e f 7  > d e f 7 
30    42 > 31    43 > 21    44 > 11    45 > 10    46 > 00    47 > 01    48
5 1 0 4  > 5 1 2 4  > 5 1 2 4  > 5 1 2 4  > 5 1 2 4  > 5 1 2 4  > 0 1 2 4 
9 b 2 8  > 9 b 0 8  > 9 b 3 8  > 9 b 3 8  > 9 b 3 8  > 0 b 3 8  > 5 b 3 8 
6 a 3 c  > 6 a 3 c  > 6 a 0 c  > 6 0 a c  > 0 6 a c  > 9 6 a c  > 9 6 a c 
d e f 7  > d e f 7  > d e f 7  > d e f 7  > d e f 7  > d e f 7  > d e f 7 
02    49 > 12    50 > 22    51 > 21    52 > 20    53 > 10    54 > 00    55
1 0 2 4  > 1 2 0 4  > 1 2 3 4  > 1 2 3 4  > 1 2 3 4  > 1 2 3 4  > 1 2 3 4 
5 b 3 8  > 5 b 3 8  > 5 b 0 8  > 5 0 b 8  > 5 6 b 8  > 5 6 b 8  > 5 6 0 8 
9 6 a c  > 9 6 a c  > 9 6 a c  > 9 6 a c  > 9 0 a c  > 9 a 0 c  > 9 a b c 
d e f 7  > d e f 7  > d e f 7  > d e f 7  > d e f 7  > d e f 7  > d e f 7 
01    56 > 02    57 > 12    58 > 11    59 > 21    60 > 22    61 > 12    62
1 2 3 4  > 1 2 3 4  > 1 2 3 4  > 1 2 3 4  > 1 2 3 4  > 1 2 3 4  > 1 2 3 4 
5 6 0 8  > 5 6 8 0  > 5 6 8 c  > 5 6 8 c  > 5 6 8 c  > 5 6 8 c  > 5 6 8 c 
9 a b c  > 9 a b c  > 9 a b 0  > 9 a b 7  > 9 a b 7  > 9 a 0 7  > 9 a 7 0 
d e f 7  > d e f 7  > d e f 7  > d e f 0  > d e 0 f  > d e b f  > d e b f 
12    11 > 13    10 > 23     9 > 33     8 > 32     7 > 22     6 > 23     5
1 2 3 4  > 1 2 3 4  > 1 2 3 4  > 1 2 3 4  > 1 2 3 4 
5 6 8 0  > 5 6 0 8  > 5 6 7 8  > 5 6 7 8  > 5 6 7 8 
9 a 7 c  > 9 a 7 c  > 9 a 0 c  > 9 a b c  > 9 a b c 
d e b f  > d e b f  > d e b f  > d e 0 f  > d e f 0 
13     4 > 12     3 > 22     2 > 32     1 > 33     0

Used time: 142.087s
Total Nodes: 141612561
